<?xml version="1.0" encoding="UTF-8"?>
<!-- Generated by org.testng.reporters.JUnitReportReporter -->
<testsuite skipped="2" hostname="CN-20190213OQNU" name="web.ui.NewTest" tests="4" failures="0" timestamp="23 三月 2019 03:19:01 GMT" time="99.381" errors="0">
  <testcase name="FirefoxTest" time="36.206" classname="web.ui.NewTest">
    <skipped/>
  </testcase> <!-- FirefoxTest -->
  <testcase name="GoogleTest" time="33.719" classname="web.ui.NewTest">
    <skipped/>
  </testcase> <!-- GoogleTest -->
  <testcase name="GoogleTest" time="12.769" classname="web.ui.NewTest"/>
  <testcase name="FirefoxTest" time="16.687" classname="web.ui.NewTest"/>
</testsuite> <!-- web.ui.NewTest -->
